[1]
[2]
[3]
[4]
[5]

╔════════════════════════════════════════════╗
║   LAYER 2: MESSAGING TEST                 ║
╚════════════════════════════════════════════╝

Main: About to create Thread 2...
Thread 2: Waiting for message...
Main: Created Thread 2 (receiver) with TID=2
Main: About to Yield...
Main: Returned from Yield
Main: About to create Thread 1...
Thread 1: Starting, sending 'hello' to Thread 2 (TID 2)
Thread 2: Thread 1 sent <hello>. Sending <message_1>
Thread 1: Received <message_1>
Main: Created Thread 1 (sender) with TID=3

Main: Yielding to let threads complete...

╔════════════════════════════════════════════╗
║   LAYER 2: TEST COMPLETE                  ║
╚════════════════════════════════════════════╝

